Build started 16-11-2024 23:18:39.
     1>Project "c:\Users\tapish patidar\documents\visual studio 2010\Projects\Hindi_to_english_translation\Hindi_to_english_translation\Hindi_to_english_translation.vcxproj" on node 2 (build target(s)).
     1>PrepareForBuild:
         Creating directory "c:\users\tapish patidar\documents\visual studio 2010\Projects\Hindi_to_english_translation\Debug\".
       InitializeBuildStatus:
         Creating "Debug\Hindi_to_english_translation.unsuccessfulbuild" because "AlwaysCreate" was specified.
       ClCompile:
         C:\Program Files (x86)\Microsoft Visual Studio 10.0\VC\bin\CL.exe /c /ZI /nologo /W3 /WX- /Od /Oy- /D WIN32 /D _DEBUG /D _CONSOLE /D _UNICODE /D UNICODE /Gm /EHsc /RTC1 /MDd /GS /fp:precise /Zc:wchar_t /Zc:forScope /Yc"StdAfx.h" /Fp"Debug\Hindi_to_english_translation.pch" /Fo"Debug\\" /Fd"Debug\vc100.pdb" /Gd /TP /analyze- /errorReport:prompt stdafx.cpp
         stdafx.cpp
         C:\Program Files (x86)\Microsoft Visual Studio 10.0\VC\bin\CL.exe /c /ZI /nologo /W3 /WX- /Od /Oy- /D WIN32 /D _DEBUG /D _CONSOLE /D _UNICODE /D UNICODE /Gm /EHsc /RTC1 /MDd /GS /fp:precise /Zc:wchar_t /Zc:forScope /Yu"StdAfx.h" /Fp"Debug\Hindi_to_english_translation.pch" /Fo"Debug\\" /Fd"Debug\vc100.pdb" /Gd /TP /analyze- /errorReport:prompt Hindi_to_english_translation.cpp
         Hindi_to_english_translation.cpp
     1>c:\users\tapish patidar\documents\visual studio 2010\projects\hindi_to_english_translation\hindi_to_english_translation\hindi_to_english_translation.cpp(66): warning C4996: 'fopen': This function or variable may be unsafe. Consider using fopen_s instead. To disable deprecation, use _CRT_SECURE_NO_WARNINGS. See online help for details.
                 c:\program files (x86)\microsoft visual studio 10.0\vc\include\stdio.h(234) : see declaration of 'fopen'
     1>c:\users\tapish patidar\documents\visual studio 2010\projects\hindi_to_english_translation\hindi_to_english_translation\hindi_to_english_translation.cpp(212): warning C4996: 'fscanf': This function or variable may be unsafe. Consider using fscanf_s instead. To disable deprecation, use _CRT_SECURE_NO_WARNINGS. See online help for details.
                 c:\program files (x86)\microsoft visual studio 10.0\vc\include\stdio.h(253) : see declaration of 'fscanf'
     1>c:\users\tapish patidar\documents\visual studio 2010\projects\hindi_to_english_translation\hindi_to_english_translation\hindi_to_english_translation.cpp(217): warning C4996: 'fscanf': This function or variable may be unsafe. Consider using fscanf_s instead. To disable deprecation, use _CRT_SECURE_NO_WARNINGS. See online help for details.
                 c:\program files (x86)\microsoft visual studio 10.0\vc\include\stdio.h(253) : see declaration of 'fscanf'
     1>c:\users\tapish patidar\documents\visual studio 2010\projects\hindi_to_english_translation\hindi_to_english_translation\hindi_to_english_translation.cpp(218): warning C4996: 'fscanf': This function or variable may be unsafe. Consider using fscanf_s instead. To disable deprecation, use _CRT_SECURE_NO_WARNINGS. See online help for details.
                 c:\program files (x86)\microsoft visual studio 10.0\vc\include\stdio.h(253) : see declaration of 'fscanf'
     1>c:\users\tapish patidar\documents\visual studio 2010\projects\hindi_to_english_translation\hindi_to_english_translation\hindi_to_english_translation.cpp(232): warning C4996: 'fopen': This function or variable may be unsafe. Consider using fopen_s instead. To disable deprecation, use _CRT_SECURE_NO_WARNINGS. See online help for details.
                 c:\program files (x86)\microsoft visual studio 10.0\vc\include\stdio.h(234) : see declaration of 'fopen'
     1>c:\users\tapish patidar\documents\visual studio 2010\projects\hindi_to_english_translation\hindi_to_english_translation\hindi_to_english_translation.cpp(273): warning C4244: 'argument' : conversion from 'long double' to 'int', possible loss of data
     1>c:\users\tapish patidar\documents\visual studio 2010\projects\hindi_to_english_translation\hindi_to_english_translation\hindi_to_english_translation.cpp(273): warning C4244: 'argument' : conversion from 'long double' to 'int', possible loss of data
     1>c:\users\tapish patidar\documents\visual studio 2010\projects\hindi_to_english_translation\hindi_to_english_translation\hindi_to_english_translation.cpp(356): warning C4996: 'fopen': This function or variable may be unsafe. Consider using fopen_s instead. To disable deprecation, use _CRT_SECURE_NO_WARNINGS. See online help for details.
                 c:\program files (x86)\microsoft visual studio 10.0\vc\include\stdio.h(234) : see declaration of 'fopen'
     1>c:\users\tapish patidar\documents\visual studio 2010\projects\hindi_to_english_translation\hindi_to_english_translation\hindi_to_english_translation.cpp(361): warning C4996: 'fscanf': This function or variable may be unsafe. Consider using fscanf_s instead. To disable deprecation, use _CRT_SECURE_NO_WARNINGS. See online help for details.
                 c:\program files (x86)\microsoft visual studio 10.0\vc\include\stdio.h(253) : see declaration of 'fscanf'
     1>c:\users\tapish patidar\documents\visual studio 2010\projects\hindi_to_english_translation\hindi_to_english_translation\hindi_to_english_translation.cpp(673): warning C4996: 'sprintf': This function or variable may be unsafe. Consider using sprintf_s instead. To disable deprecation, use _CRT_SECURE_NO_WARNINGS. See online help for details.
                 c:\program files (x86)\microsoft visual studio 10.0\vc\include\stdio.h(371) : see declaration of 'sprintf'
     1>c:\users\tapish patidar\documents\visual studio 2010\projects\hindi_to_english_translation\hindi_to_english_translation\hindi_to_english_translation.cpp(674): warning C4996: 'fopen': This function or variable may be unsafe. Consider using fopen_s instead. To disable deprecation, use _CRT_SECURE_NO_WARNINGS. See online help for details.
                 c:\program files (x86)\microsoft visual studio 10.0\vc\include\stdio.h(234) : see declaration of 'fopen'
     1>c:\users\tapish patidar\documents\visual studio 2010\projects\hindi_to_english_translation\hindi_to_english_translation\hindi_to_english_translation.cpp(676): warning C4996: 'fscanf': This function or variable may be unsafe. Consider using fscanf_s instead. To disable deprecation, use _CRT_SECURE_NO_WARNINGS. See online help for details.
                 c:\program files (x86)\microsoft visual studio 10.0\vc\include\stdio.h(253) : see declaration of 'fscanf'
     1>c:\users\tapish patidar\documents\visual studio 2010\projects\hindi_to_english_translation\hindi_to_english_translation\hindi_to_english_translation.cpp(678): warning C4996: 'sprintf': This function or variable may be unsafe. Consider using sprintf_s instead. To disable deprecation, use _CRT_SECURE_NO_WARNINGS. See online help for details.
                 c:\program files (x86)\microsoft visual studio 10.0\vc\include\stdio.h(371) : see declaration of 'sprintf'
     1>c:\users\tapish patidar\documents\visual studio 2010\projects\hindi_to_english_translation\hindi_to_english_translation\hindi_to_english_translation.cpp(679): warning C4996: 'fopen': This function or variable may be unsafe. Consider using fopen_s instead. To disable deprecation, use _CRT_SECURE_NO_WARNINGS. See online help for details.
                 c:\program files (x86)\microsoft visual studio 10.0\vc\include\stdio.h(234) : see declaration of 'fopen'
     1>c:\users\tapish patidar\documents\visual studio 2010\projects\hindi_to_english_translation\hindi_to_english_translation\hindi_to_english_translation.cpp(683): warning C4996: 'fscanf': This function or variable may be unsafe. Consider using fscanf_s instead. To disable deprecation, use _CRT_SECURE_NO_WARNINGS. See online help for details.
                 c:\program files (x86)\microsoft visual studio 10.0\vc\include\stdio.h(253) : see declaration of 'fscanf'
     1>c:\users\tapish patidar\documents\visual studio 2010\projects\hindi_to_english_translation\hindi_to_english_translation\hindi_to_english_translation.cpp(686): warning C4996: 'sprintf': This function or variable may be unsafe. Consider using sprintf_s instead. To disable deprecation, use _CRT_SECURE_NO_WARNINGS. See online help for details.
                 c:\program files (x86)\microsoft visual studio 10.0\vc\include\stdio.h(371) : see declaration of 'sprintf'
     1>c:\users\tapish patidar\documents\visual studio 2010\projects\hindi_to_english_translation\hindi_to_english_translation\hindi_to_english_translation.cpp(687): warning C4996: 'fopen': This function or variable may be unsafe. Consider using fopen_s instead. To disable deprecation, use _CRT_SECURE_NO_WARNINGS. See online help for details.
                 c:\program files (x86)\microsoft visual studio 10.0\vc\include\stdio.h(234) : see declaration of 'fopen'
     1>c:\users\tapish patidar\documents\visual studio 2010\projects\hindi_to_english_translation\hindi_to_english_translation\hindi_to_english_translation.cpp(691): warning C4996: 'fscanf': This function or variable may be unsafe. Consider using fscanf_s instead. To disable deprecation, use _CRT_SECURE_NO_WARNINGS. See online help for details.
                 c:\program files (x86)\microsoft visual studio 10.0\vc\include\stdio.h(253) : see declaration of 'fscanf'
     1>c:\users\tapish patidar\documents\visual studio 2010\projects\hindi_to_english_translation\hindi_to_english_translation\hindi_to_english_translation.cpp(751): warning C4996: 'sprintf': This function or variable may be unsafe. Consider using sprintf_s instead. To disable deprecation, use _CRT_SECURE_NO_WARNINGS. See online help for details.
                 c:\program files (x86)\microsoft visual studio 10.0\vc\include\stdio.h(371) : see declaration of 'sprintf'
     1>c:\users\tapish patidar\documents\visual studio 2010\projects\hindi_to_english_translation\hindi_to_english_translation\hindi_to_english_translation.cpp(752): warning C4996: 'fopen': This function or variable may be unsafe. Consider using fopen_s instead. To disable deprecation, use _CRT_SECURE_NO_WARNINGS. See online help for details.
                 c:\program files (x86)\microsoft visual studio 10.0\vc\include\stdio.h(234) : see declaration of 'fopen'
     1>c:\users\tapish patidar\documents\visual studio 2010\projects\hindi_to_english_translation\hindi_to_english_translation\hindi_to_english_translation.cpp(756): warning C4996: 'sprintf': This function or variable may be unsafe. Consider using sprintf_s instead. To disable deprecation, use _CRT_SECURE_NO_WARNINGS. See online help for details.
                 c:\program files (x86)\microsoft visual studio 10.0\vc\include\stdio.h(371) : see declaration of 'sprintf'
     1>c:\users\tapish patidar\documents\visual studio 2010\projects\hindi_to_english_translation\hindi_to_english_translation\hindi_to_english_translation.cpp(757): warning C4996: 'fopen': This function or variable may be unsafe. Consider using fopen_s instead. To disable deprecation, use _CRT_SECURE_NO_WARNINGS. See online help for details.
                 c:\program files (x86)\microsoft visual studio 10.0\vc\include\stdio.h(234) : see declaration of 'fopen'
     1>c:\users\tapish patidar\documents\visual studio 2010\projects\hindi_to_english_translation\hindi_to_english_translation\hindi_to_english_translation.cpp(767): warning C4996: 'sprintf': This function or variable may be unsafe. Consider using sprintf_s instead. To disable deprecation, use _CRT_SECURE_NO_WARNINGS. See online help for details.
                 c:\program files (x86)\microsoft visual studio 10.0\vc\include\stdio.h(371) : see declaration of 'sprintf'
     1>c:\users\tapish patidar\documents\visual studio 2010\projects\hindi_to_english_translation\hindi_to_english_translation\hindi_to_english_translation.cpp(768): warning C4996: 'fopen': This function or variable may be unsafe. Consider using fopen_s instead. To disable deprecation, use _CRT_SECURE_NO_WARNINGS. See online help for details.
                 c:\program files (x86)\microsoft visual studio 10.0\vc\include\stdio.h(234) : see declaration of 'fopen'
     1>c:\users\tapish patidar\documents\visual studio 2010\projects\hindi_to_english_translation\hindi_to_english_translation\hindi_to_english_translation.cpp(879): warning C4101: 'count' : unreferenced local variable
     1>c:\users\tapish patidar\documents\visual studio 2010\projects\hindi_to_english_translation\hindi_to_english_translation\hindi_to_english_translation.cpp(876): warning C4101: 'ch' : unreferenced local variable
     1>c:\users\tapish patidar\documents\visual studio 2010\projects\hindi_to_english_translation\hindi_to_english_translation\hindi_to_english_translation.cpp(957): warning C4996: 'sprintf': This function or variable may be unsafe. Consider using sprintf_s instead. To disable deprecation, use _CRT_SECURE_NO_WARNINGS. See online help for details.
                 c:\program files (x86)\microsoft visual studio 10.0\vc\include\stdio.h(371) : see declaration of 'sprintf'
     1>c:\users\tapish patidar\documents\visual studio 2010\projects\hindi_to_english_translation\hindi_to_english_translation\hindi_to_english_translation.cpp(958): warning C4996: 'fopen': This function or variable may be unsafe. Consider using fopen_s instead. To disable deprecation, use _CRT_SECURE_NO_WARNINGS. See online help for details.
                 c:\program files (x86)\microsoft visual studio 10.0\vc\include\stdio.h(234) : see declaration of 'fopen'
     1>c:\users\tapish patidar\documents\visual studio 2010\projects\hindi_to_english_translation\hindi_to_english_translation\hindi_to_english_translation.cpp(965): warning C4996: 'fscanf': This function or variable may be unsafe. Consider using fscanf_s instead. To disable deprecation, use _CRT_SECURE_NO_WARNINGS. See online help for details.
                 c:\program files (x86)\microsoft visual studio 10.0\vc\include\stdio.h(253) : see declaration of 'fscanf'
     1>c:\users\tapish patidar\documents\visual studio 2010\projects\hindi_to_english_translation\hindi_to_english_translation\hindi_to_english_translation.cpp(948): warning C4101: 'count' : unreferenced local variable
     1>c:\users\tapish patidar\documents\visual studio 2010\projects\hindi_to_english_translation\hindi_to_english_translation\hindi_to_english_translation.cpp(1012): warning C4996: 'sprintf': This function or variable may be unsafe. Consider using sprintf_s instead. To disable deprecation, use _CRT_SECURE_NO_WARNINGS. See online help for details.
                 c:\program files (x86)\microsoft visual studio 10.0\vc\include\stdio.h(371) : see declaration of 'sprintf'
     1>c:\users\tapish patidar\documents\visual studio 2010\projects\hindi_to_english_translation\hindi_to_english_translation\hindi_to_english_translation.cpp(1013): warning C4996: 'fopen': This function or variable may be unsafe. Consider using fopen_s instead. To disable deprecation, use _CRT_SECURE_NO_WARNINGS. See online help for details.
                 c:\program files (x86)\microsoft visual studio 10.0\vc\include\stdio.h(234) : see declaration of 'fopen'
     1>c:\users\tapish patidar\documents\visual studio 2010\projects\hindi_to_english_translation\hindi_to_english_translation\hindi_to_english_translation.cpp(1025): warning C4996: 'fscanf': This function or variable may be unsafe. Consider using fscanf_s instead. To disable deprecation, use _CRT_SECURE_NO_WARNINGS. See online help for details.
                 c:\program files (x86)\microsoft visual studio 10.0\vc\include\stdio.h(253) : see declaration of 'fscanf'
     1>c:\users\tapish patidar\documents\visual studio 2010\projects\hindi_to_english_translation\hindi_to_english_translation\hindi_to_english_translation.cpp(1028): warning C4996: 'fscanf': This function or variable may be unsafe. Consider using fscanf_s instead. To disable deprecation, use _CRT_SECURE_NO_WARNINGS. See online help for details.
                 c:\program files (x86)\microsoft visual studio 10.0\vc\include\stdio.h(253) : see declaration of 'fscanf'
     1>c:\users\tapish patidar\documents\visual studio 2010\projects\hindi_to_english_translation\hindi_to_english_translation\hindi_to_english_translation.cpp(1052): warning C4258: 'i' : definition from the for loop is ignored; the definition from the enclosing scope is used
                 c:\users\tapish patidar\documents\visual studio 2010\projects\hindi_to_english_translation\hindi_to_english_translation\hindi_to_english_translation.cpp(1023) : definition of 'i' ignored
                 c:\users\tapish patidar\documents\visual studio 2010\projects\hindi_to_english_translation\hindi_to_english_translation\hindi_to_english_translation.cpp(1007) : definition of 'i' used
     1>c:\users\tapish patidar\documents\visual studio 2010\projects\hindi_to_english_translation\hindi_to_english_translation\hindi_to_english_translation.cpp(1003): warning C4101: 'count' : unreferenced local variable
     1>c:\users\tapish patidar\documents\visual studio 2010\projects\hindi_to_english_translation\hindi_to_english_translation\hindi_to_english_translation.cpp(1067): warning C4996: 'fopen': This function or variable may be unsafe. Consider using fopen_s instead. To disable deprecation, use _CRT_SECURE_NO_WARNINGS. See online help for details.
                 c:\program files (x86)\microsoft visual studio 10.0\vc\include\stdio.h(234) : see declaration of 'fopen'
     1>c:\users\tapish patidar\documents\visual studio 2010\projects\hindi_to_english_translation\hindi_to_english_translation\hindi_to_english_translation.cpp(1080): warning C4996: 'sprintf': This function or variable may be unsafe. Consider using sprintf_s instead. To disable deprecation, use _CRT_SECURE_NO_WARNINGS. See online help for details.
                 c:\program files (x86)\microsoft visual studio 10.0\vc\include\stdio.h(371) : see declaration of 'sprintf'
     1>c:\users\tapish patidar\documents\visual studio 2010\projects\hindi_to_english_translation\hindi_to_english_translation\hindi_to_english_translation.cpp(1081): warning C4996: 'fopen': This function or variable may be unsafe. Consider using fopen_s instead. To disable deprecation, use _CRT_SECURE_NO_WARNINGS. See online help for details.
                 c:\program files (x86)\microsoft visual studio 10.0\vc\include\stdio.h(234) : see declaration of 'fopen'
     1>c:\users\tapish patidar\documents\visual studio 2010\projects\hindi_to_english_translation\hindi_to_english_translation\hindi_to_english_translation.cpp(1088): warning C4996: 'fscanf': This function or variable may be unsafe. Consider using fscanf_s instead. To disable deprecation, use _CRT_SECURE_NO_WARNINGS. See online help for details.
                 c:\program files (x86)\microsoft visual studio 10.0\vc\include\stdio.h(253) : see declaration of 'fscanf'
     1>c:\users\tapish patidar\documents\visual studio 2010\projects\hindi_to_english_translation\hindi_to_english_translation\hindi_to_english_translation.cpp(1065): warning C4101: 'count' : unreferenced local variable
     1>c:\users\tapish patidar\documents\visual studio 2010\projects\hindi_to_english_translation\hindi_to_english_translation\hindi_to_english_translation.cpp(1125): warning C4996: 'scanf': This function or variable may be unsafe. Consider using scanf_s instead. To disable deprecation, use _CRT_SECURE_NO_WARNINGS. See online help for details.
                 c:\program files (x86)\microsoft visual studio 10.0\vc\include\stdio.h(304) : see declaration of 'scanf'
       ManifestResourceCompile:
         C:\Program Files (x86)\Microsoft SDKs\Windows\v7.0A\bin\rc.exe /nologo /fo"Debug\Hindi_to_english_translation.exe.embed.manifest.res" Debug\Hindi_to_english_translation_manifest.rc 
       Link:
         C:\Program Files (x86)\Microsoft Visual Studio 10.0\VC\bin\link.exe /ERRORREPORT:PROMPT /OUT:"c:\users\tapish patidar\documents\visual studio 2010\Projects\Hindi_to_english_translation\Debug\Hindi_to_english_translation.exe" /INCREMENTAL /NOLOGO kernel32.lib user32.lib gdi32.lib winspool.lib comdlg32.lib advapi32.lib shell32.lib ole32.lib oleaut32.lib uuid.lib odbc32.lib odbccp32.lib /MANIFEST /ManifestFile:"Debug\Hindi_to_english_translation.exe.intermediate.manifest" /MANIFESTUAC:"level='asInvoker' uiAccess='false'" /DEBUG /PDB:"c:\users\tapish patidar\documents\visual studio 2010\Projects\Hindi_to_english_translation\Debug\Hindi_to_english_translation.pdb" /SUBSYSTEM:CONSOLE /TLBID:1 /DYNAMICBASE /NXCOMPAT /IMPLIB:"c:\users\tapish patidar\documents\visual studio 2010\Projects\Hindi_to_english_translation\Debug\Hindi_to_english_translation.lib" /MACHINE:X86 Debug\Hindi_to_english_translation.exe.embed.manifest.res
         Debug\Hindi_to_english_translation.obj
         Debug\stdafx.obj
       Manifest:
         C:\Program Files (x86)\Microsoft SDKs\Windows\v7.0A\bin\mt.exe /nologo /verbose /out:"Debug\Hindi_to_english_translation.exe.embed.manifest" /manifest Debug\Hindi_to_english_translation.exe.intermediate.manifest
         C:\Program Files (x86)\Microsoft SDKs\Windows\v7.0A\bin\rc.exe /nologo /fo"Debug\Hindi_to_english_translation.exe.embed.manifest.res" Debug\Hindi_to_english_translation_manifest.rc 
       LinkEmbedManifest:
         C:\Program Files (x86)\Microsoft Visual Studio 10.0\VC\bin\link.exe /ERRORREPORT:PROMPT /OUT:"c:\users\tapish patidar\documents\visual studio 2010\Projects\Hindi_to_english_translation\Debug\Hindi_to_english_translation.exe" /INCREMENTAL /NOLOGO kernel32.lib user32.lib gdi32.lib winspool.lib comdlg32.lib advapi32.lib shell32.lib ole32.lib oleaut32.lib uuid.lib odbc32.lib odbccp32.lib /MANIFEST /ManifestFile:"Debug\Hindi_to_english_translation.exe.intermediate.manifest" /MANIFESTUAC:"level='asInvoker' uiAccess='false'" /DEBUG /PDB:"c:\users\tapish patidar\documents\visual studio 2010\Projects\Hindi_to_english_translation\Debug\Hindi_to_english_translation.pdb" /SUBSYSTEM:CONSOLE /TLBID:1 /DYNAMICBASE /NXCOMPAT /IMPLIB:"c:\users\tapish patidar\documents\visual studio 2010\Projects\Hindi_to_english_translation\Debug\Hindi_to_english_translation.lib" /MACHINE:X86 Debug\Hindi_to_english_translation.exe.embed.manifest.res
         Debug\Hindi_to_english_translation.obj
         Debug\stdafx.obj
         Hindi_to_english_translation.vcxproj -> c:\users\tapish patidar\documents\visual studio 2010\Projects\Hindi_to_english_translation\Debug\Hindi_to_english_translation.exe
       FinalizeBuildStatus:
         Deleting file "Debug\Hindi_to_english_translation.unsuccessfulbuild".
         Touching "Debug\Hindi_to_english_translation.lastbuildstate".
     1>Done Building Project "c:\Users\tapish patidar\documents\visual studio 2010\Projects\Hindi_to_english_translation\Hindi_to_english_translation\Hindi_to_english_translation.vcxproj" (build target(s)).

Build succeeded.

Time Elapsed 00:00:03.20
